Loading shared/schema...
Initializing DB...
[dotenv@17.2.3] injecting env (5) from .env -- tip: ÔÜÖ´©Å  enable debug logging with { debug: true }
Dotenv configured
Checking env var...
DATABASE_URL present: true
DB URL (masked): postgresql://postgres.caubhppwypkymsixsrco:***@aws-1-eu-west-1.pooler.supabase.com:6543/postgres
Creating Pool...
Initializing Drizzle...
Drizzle initialized.
Schema keys: [
  'accountMappings',
  'companies',
  'financialData',
  'insertUserSchema',
  'masterChartOfAccounts',
  'rawImports',
  'users'
]
db.query available: true
Checking Awentia data...
Ô£à Azienda trovata: Awentia Srl (ID: ffd64e5f-4692-4254-8ef4-f1611935f08e)
­ƒôè Record finanziari trovati: 16
